SF:lib/src/fantasma.dart
DA:8,2
DA:15,4
DA:16,2
DA:27,2
DA:34,4
DA:35,2
LF:6
LH:6
end_of_record
SF:lib/src/handler.dart
DA:10,3
DA:25,3
DA:33,6
DA:36,6
DA:39,5
DA:42,5
DA:45,4
DA:51,2
DA:53,4
DA:56,2
DA:57,2
LF:11
LH:11
end_of_record
SF:lib/src/interceptor.dart
DA:7,1
DA:11,1
DA:17,1
DA:19,2
DA:20,1
DA:21,1
DA:22,1
DA:23,1
DA:24,1
DA:27,2
DA:28,2
DA:30,1
DA:34,1
DA:36,1
DA:37,2
DA:38,1
DA:39,1
DA:40,1
DA:41,3
DA:45,2
DA:46,1
DA:47,2
DA:49,1
DA:50,1
LF:24
LH:24
end_of_record
SF:lib/src/response.dart
DA:7,0
DA:13,1
DA:22,1
DA:35,1
DA:44,1
DA:45,1
DA:46,6
DA:55,1
DA:64,1
DA:65,1
LF:10
LH:9
end_of_record
